<?xml version="1.0" encoding="UTF-8"?>
<!-- Generated by org.testng.reporters.JUnitXMLReporter -->
<testsuite hostname="ICPL10378" ignored="0" name="BDD Test" tests="1" failures="1" timestamp="19 Jul 2018 11:35:18 GMT" time="0.374" errors="0">
  <testcase name="Money Transfer" time="0.312" classname="com.qmetry.qaf.automation.step.client.Scenario">
    <failure type="java.lang.NoClassDefFoundError" message="com/google/gson/internal/LinkedTreeMap">
      <![CDATA[java.lang.NoClassDefFoundError: com/google/gson/internal/LinkedTreeMap
	at .Given Login to the online banking portal with data '${accountHolder.login}'(scenarios/MoneyTransfer.bdd:6)
	at com.qmetry.qaf.automation.gson.GsonObjectDeserializer.read(GsonObjectDeserializer.java:66)
	at com.qmetry.qaf.automation.gson.GsonDeserializerObjectWrapper.deserialize(GsonDeserializerObjectWrapper.java:47)
	at com.qmetry.qaf.automation.gson.GsonDeserializerObjectWrapper.deserialize(GsonDeserializerObjectWrapper.java:1)
	at com.google.gson.TreeTypeAdapter.read(TreeTypeAdapter.java:59)
	at com.google.gson.Gson.fromJson(Gson.java:755)
	at com.google.gson.Gson.fromJson(Gson.java:721)
	at com.google.gson.Gson.fromJson(Gson.java:670)
	at com.google.gson.Gson.fromJson(Gson.java:642)
	at com.qmetry.qaf.automation.step.JavaStep.processArgs(JavaStep.java:266)
	at com.qmetry.qaf.automation.step.JavaStep.doExecute(JavaStep.java:160)
	at com.qmetry.qaf.automation.step.BaseTestStep.execute(BaseTestStep.java:149)
	at com.qmetry.qaf.automation.step.StringTestStep.execute(StringTestStep.java:134)
	at com.qmetry.qaf.automation.step.client.Scenario.execute(Scenario.java:167)
	at com.qmetry.qaf.automation.step.client.Scenario.scenario(Scenario.java:219)
Caused by: java.lang.ClassNotFoundException: com.google.gson.internal.LinkedTreeMap
	at java.net.URLClassLoader.findClass(URLClassLoader.java:381)
	at java.lang.ClassLoader.loadClass(ClassLoader.java:424)
	at sun.misc.Launcher$AppClassLoader.loadClass(Launcher.java:335)
	at java.lang.ClassLoader.loadClass(ClassLoader.java:357)
	at com.qmetry.qaf.automation.gson.GsonObjectDeserializer.read(GsonObjectDeserializer.java:66)
	at com.qmetry.qaf.automation.gson.GsonDeserializerObjectWrapper.deserialize(GsonDeserializerObjectWrapper.java:47)
	at com.qmetry.qaf.automation.gson.GsonDeserializerObjectWrapper.deserialize(GsonDeserializerObjectWrapper.java:1)
	at com.google.gson.TreeTypeAdapter.read(TreeTypeAdapter.java:59)
	at com.google.gson.Gson.fromJson(Gson.java:755)
	at com.google.gson.Gson.fromJson(Gson.java:721)
	at com.google.gson.Gson.fromJson(Gson.java:670)
	at com.google.gson.Gson.fromJson(Gson.java:642)
	at com.qmetry.qaf.automation.step.JavaStep.processArgs(JavaStep.java:266)
	at com.qmetry.qaf.automation.step.JavaStep.doExecute(JavaStep.java:160)
	at com.qmetry.qaf.automation.step.BaseTestStep.execute(BaseTestStep.java:149)
	at com.qmetry.qaf.automation.step.StringTestStep.execute(StringTestStep.java:134)
	at com.qmetry.qaf.automation.step.client.Scenario.execute(Scenario.java:167)
	at com.qmetry.qaf.automation.step.client.Scenario.scenario(Scenario.java:219)
	at sun.reflect.NativeMethodAccessorImpl.invoke0(Native Method)
	at sun.reflect.NativeMethodAccessorImpl.invoke(NativeMethodAccessorImpl.java:62)
	at sun.reflect.DelegatingMethodAccessorImpl.invoke(DelegatingMethodAccessorImpl.java:43)
	at java.lang.reflect.Method.invoke(Method.java:498)
	at org.testng.internal.MethodInvocationHelper.invokeMethod(MethodInvocationHelper.java:104)
	at org.testng.internal.Invoker.invokeMethod(Invoker.java:645)
	at org.testng.internal.Invoker.invokeTestMethod(Invoker.java:851)
	at org.testng.internal.Invoker.invokeTestMethods(Invoker.java:1177)
	at org.testng.internal.TestMethodWorker.invokeTestMethods(TestMethodWorker.java:129)
	at org.testng.internal.TestMethodWorker.run(TestMethodWorker.java:112)
	at org.testng.TestRunner.privateRun(TestRunner.java:781)
	at org.testng.TestRunner.run(TestRunner.java:635)
	at org.testng.SuiteRunner.runTest(SuiteRunner.java:387)
	at org.testng.SuiteRunner.runSequentially(SuiteRunner.java:382)
	at org.testng.SuiteRunner.privateRun(SuiteRunner.java:340)
	at org.testng.SuiteRunner.run(SuiteRunner.java:289)
	at org.testng.SuiteRunnerWorker.runSuite(SuiteRunnerWorker.java:52)
	at org.testng.SuiteRunnerWorker.run(SuiteRunnerWorker.java:86)
	at org.testng.TestNG.runSuitesSequentially(TestNG.java:1293)
	at org.testng.TestNG.runSuitesLocally(TestNG.java:1218)
	at org.testng.TestNG.runSuites(TestNG.java:1133)
	at org.testng.TestNG.run(TestNG.java:1104)
	at org.testng.remote.AbstractRemoteTestNG.run(AbstractRemoteTestNG.java:114)
	at org.testng.remote.RemoteTestNG.initAndRun(RemoteTestNG.java:251)
	at org.testng.remote.RemoteTestNG.main(RemoteTestNG.java:77)
]]>
    </failure>
  </testcase> <!-- Money Transfer -->
</testsuite> <!-- BDD Test -->
